
> peach-delta@0.1.0 start
> react-scripts start

(node:3246) [DEP_WEBPACK_DEV_SERVER_ON_AFTER_SETUP_MIDDLEWARE] DeprecationWarning: 'onAfterSetupMiddleware' option is deprecated. Please use the 'setupMiddlewares' option.
(Use `node --trace-deprecation ...` to show where the warning was created)
(node:3246) [DEP_WEBPACK_DEV_SERVER_ON_BEFORE_SETUP_MIDDLEWARE] DeprecationWarning: 'onBeforeSetupMiddleware' option is deprecated. Please use the 'setupMiddlewares' option.
Starting the development server...

Compiled with warnings.

[eslint]
src/context/UserContext.js
  Line 14:23:  'setUserProfile' is assigned a value but never used  no-unused-vars

Search for the keywords to learn more about each warning.
To ignore, add // eslint-disable-next-line to the line before.

WARNING in [eslint]
src/context/UserContext.js
  Line 14:23:  'setUserProfile' is assigned a value but never used  no-unused-vars

webpack compiled with 1 warning
Compiling...
Compiled with warnings.

[eslint]
src/context/UserContext.js
  Line 14:23:  'setUserProfile' is assigned a value but never used  no-unused-vars

Search for the keywords to learn more about each warning.
To ignore, add // eslint-disable-next-line to the line before.

WARNING in [eslint]
src/context/UserContext.js
  Line 14:23:  'setUserProfile' is assigned a value but never used  no-unused-vars

webpack compiled with 1 warning
Compiling...
Compiled with warnings.

[eslint]
src/context/UserContext.js
  Line 14:23:  'setUserProfile' is assigned a value but never used  no-unused-vars

Search for the keywords to learn more about each warning.
To ignore, add // eslint-disable-next-line to the line before.

WARNING in [eslint]
src/context/UserContext.js
  Line 14:23:  'setUserProfile' is assigned a value but never used  no-unused-vars

webpack compiled with 1 warning
Compiling...
Compiled with warnings.

[eslint]
src/components/Discover.js
  Line 41:47:  'commonMedia' is assigned a value but never used  no-unused-vars

src/context/UserContext.js
  Line 14:23:  'setUserProfile' is assigned a value but never used  no-unused-vars

Search for the keywords to learn more about each warning.
To ignore, add // eslint-disable-next-line to the line before.

WARNING in [eslint]
src/components/Discover.js
  Line 41:47:  'commonMedia' is assigned a value but never used  no-unused-vars

src/context/UserContext.js
  Line 14:23:  'setUserProfile' is assigned a value but never used  no-unused-vars

webpack compiled with 1 warning
Compiling...
Compiled with warnings.

[eslint]
src/components/Discover.js
  Line 41:47:  'commonMedia' is assigned a value but never used  no-unused-vars

src/context/UserContext.js
  Line 16:23:  'setUserProfile' is assigned a value but never used  no-unused-vars

Search for the keywords to learn more about each warning.
To ignore, add // eslint-disable-next-line to the line before.

WARNING in [eslint]
src/components/Discover.js
  Line 41:47:  'commonMedia' is assigned a value but never used  no-unused-vars

src/context/UserContext.js
  Line 16:23:  'setUserProfile' is assigned a value but never used  no-unused-vars

webpack compiled with 1 warning
Compiling...
Compiled with warnings.

[eslint]
src/components/Discover.js
  Line 41:47:  'commonMedia' is assigned a value but never used  no-unused-vars

src/context/UserContext.js
  Line 16:23:  'setUserProfile' is assigned a value but never used  no-unused-vars

Search for the keywords to learn more about each warning.
To ignore, add // eslint-disable-next-line to the line before.

WARNING in [eslint]
src/components/Discover.js
  Line 41:47:  'commonMedia' is assigned a value but never used  no-unused-vars

src/context/UserContext.js
  Line 16:23:  'setUserProfile' is assigned a value but never used  no-unused-vars

webpack compiled with 1 warning
Compiling...
Compiled with warnings.

[eslint]
src/components/Discover.js
  Line 50:47:  'commonMedia' is assigned a value but never used                                                               no-unused-vars
  Line 81:6:   React Hook useEffect has a missing dependency: 'handleNext'. Either include it or remove the dependency array  react-hooks/exhaustive-deps

src/context/UserContext.js
  Line 16:23:  'setUserProfile' is assigned a value but never used  no-unused-vars

Search for the keywords to learn more about each warning.
To ignore, add // eslint-disable-next-line to the line before.

WARNING in [eslint]
src/components/Discover.js
  Line 50:47:  'commonMedia' is assigned a value but never used                                                               no-unused-vars
  Line 81:6:   React Hook useEffect has a missing dependency: 'handleNext'. Either include it or remove the dependency array  react-hooks/exhaustive-deps

src/context/UserContext.js
  Line 16:23:  'setUserProfile' is assigned a value but never used  no-unused-vars

webpack compiled with 1 warning
Compiling...
Compiled with warnings.

[eslint]
src/components/Discover.js
  Line 50:47:  'commonMedia' is assigned a value but never used                                                               no-unused-vars
  Line 81:6:   React Hook useEffect has a missing dependency: 'handleNext'. Either include it or remove the dependency array  react-hooks/exhaustive-deps

src/context/UserContext.js
  Line 16:23:  'setUserProfile' is assigned a value but never used  no-unused-vars

Search for the keywords to learn more about each warning.
To ignore, add // eslint-disable-next-line to the line before.

WARNING in [eslint]
src/components/Discover.js
  Line 50:47:  'commonMedia' is assigned a value but never used                                                               no-unused-vars
  Line 81:6:   React Hook useEffect has a missing dependency: 'handleNext'. Either include it or remove the dependency array  react-hooks/exhaustive-deps

src/context/UserContext.js
  Line 16:23:  'setUserProfile' is assigned a value but never used  no-unused-vars

webpack compiled with 1 warning
Failed to compile.

Module not found: Error: Can't resolve './components/PitStore' in '/app/src'
WARNING in [eslint]
src/components/Discover.js
  Line 50:47:  'commonMedia' is assigned a value but never used                                                               no-unused-vars
  Line 81:6:   React Hook useEffect has a missing dependency: 'handleNext'. Either include it or remove the dependency array  react-hooks/exhaustive-deps

src/context/UserContext.js
  Line 16:23:  'setUserProfile' is assigned a value but never used  no-unused-vars

ERROR in ./src/App.js 9:0-45
Module not found: Error: Can't resolve './components/PitStore' in '/app/src'

webpack compiled with 1 error and 1 warning
Compiling...
Failed to compile.

Module not found: Error: Can't resolve './components/Membership' in '/app/src'
WARNING in [eslint]
src/components/Discover.js
  Line 50:47:  'commonMedia' is assigned a value but never used                                                               no-unused-vars
  Line 81:6:   React Hook useEffect has a missing dependency: 'handleNext'. Either include it or remove the dependency array  react-hooks/exhaustive-deps

src/context/UserContext.js
  Line 16:23:  'setUserProfile' is assigned a value but never used  no-unused-vars

ERROR in ./src/App.js 9:0-49
Module not found: Error: Can't resolve './components/Membership' in '/app/src'

webpack compiled with 1 error and 1 warning
Compiling...
Failed to compile.

Module not found: Error: Can't resolve './components/Membership' in '/app/src'
WARNING in [eslint]
src/components/Discover.js
  Line 50:47:  'commonMedia' is assigned a value but never used                                                               no-unused-vars
  Line 81:6:   React Hook useEffect has a missing dependency: 'handleNext'. Either include it or remove the dependency array  react-hooks/exhaustive-deps

src/context/UserContext.js
  Line 20:23:  'setUserProfile' is assigned a value but never used  no-unused-vars

ERROR in ./src/App.js 9:0-49
Module not found: Error: Can't resolve './components/Membership' in '/app/src'

webpack compiled with 1 error and 1 warning
Compiling...
Compiled with warnings.

[eslint]
src/components/Discover.js
  Line 50:47:  'commonMedia' is assigned a value but never used                                                               no-unused-vars
  Line 81:6:   React Hook useEffect has a missing dependency: 'handleNext'. Either include it or remove the dependency array  react-hooks/exhaustive-deps

src/components/Membership.js
  Line 3:10:  'mockBackend' is defined but never used  no-unused-vars

src/context/UserContext.js
  Line 20:23:  'setUserProfile' is assigned a value but never used  no-unused-vars

Search for the keywords to learn more about each warning.
To ignore, add // eslint-disable-next-line to the line before.

WARNING in [eslint]
src/components/Discover.js
  Line 50:47:  'commonMedia' is assigned a value but never used                                                               no-unused-vars
  Line 81:6:   React Hook useEffect has a missing dependency: 'handleNext'. Either include it or remove the dependency array  react-hooks/exhaustive-deps

src/components/Membership.js
  Line 3:10:  'mockBackend' is defined but never used  no-unused-vars

src/context/UserContext.js
  Line 20:23:  'setUserProfile' is assigned a value but never used  no-unused-vars

webpack compiled with 1 warning
Compiling...
Compiled with warnings.

[eslint]
src/components/Discover.js
  Line 42:47:  'commonMedia' is assigned a value but never used                                                               no-unused-vars
  Line 73:6:   React Hook useEffect has a missing dependency: 'handleNext'. Either include it or remove the dependency array  react-hooks/exhaustive-deps

src/components/Membership.js
  Line 3:10:  'mockBackend' is defined but never used  no-unused-vars

src/context/UserContext.js
  Line 20:23:  'setUserProfile' is assigned a value but never used  no-unused-vars

Search for the keywords to learn more about each warning.
To ignore, add // eslint-disable-next-line to the line before.

WARNING in [eslint]
src/components/Discover.js
  Line 42:47:  'commonMedia' is assigned a value but never used                                                               no-unused-vars
  Line 73:6:   React Hook useEffect has a missing dependency: 'handleNext'. Either include it or remove the dependency array  react-hooks/exhaustive-deps

src/components/Membership.js
  Line 3:10:  'mockBackend' is defined but never used  no-unused-vars

src/context/UserContext.js
  Line 20:23:  'setUserProfile' is assigned a value but never used  no-unused-vars

webpack compiled with 1 warning
Compiling...
Compiled with warnings.

[eslint]
src/components/Discover.js
  Line 42:47:  'commonMedia' is assigned a value but never used                                                               no-unused-vars
  Line 73:6:   React Hook useEffect has a missing dependency: 'handleNext'. Either include it or remove the dependency array  react-hooks/exhaustive-deps

src/components/Membership.js
  Line 3:10:  'mockBackend' is defined but never used  no-unused-vars

src/context/UserContext.js
  Line 20:23:  'setUserProfile' is assigned a value but never used  no-unused-vars

Search for the keywords to learn more about each warning.
To ignore, add // eslint-disable-next-line to the line before.

WARNING in [eslint]
src/components/Discover.js
  Line 42:47:  'commonMedia' is assigned a value but never used                                                               no-unused-vars
  Line 73:6:   React Hook useEffect has a missing dependency: 'handleNext'. Either include it or remove the dependency array  react-hooks/exhaustive-deps

src/components/Membership.js
  Line 3:10:  'mockBackend' is defined but never used  no-unused-vars

src/context/UserContext.js
  Line 20:23:  'setUserProfile' is assigned a value but never used  no-unused-vars

webpack compiled with 1 warning
Compiling...
Compiled with warnings.

[eslint]
src/components/Discover.js
  Line 49:47:  'commonMedia' is assigned a value but never used                                                               no-unused-vars
  Line 80:6:   React Hook useEffect has a missing dependency: 'handleNext'. Either include it or remove the dependency array  react-hooks/exhaustive-deps

src/components/Membership.js
  Line 3:10:  'mockBackend' is defined but never used  no-unused-vars

src/context/UserContext.js
  Line 20:23:  'setUserProfile' is assigned a value but never used  no-unused-vars

src/services/wingmanService.js
  Line 6:49:  'uWork' is assigned a value but never used  no-unused-vars
  Line 53:5:  Unreachable code                            no-unreachable

Search for the keywords to learn more about each warning.
To ignore, add // eslint-disable-next-line to the line before.

WARNING in [eslint]
src/components/Discover.js
  Line 49:47:  'commonMedia' is assigned a value but never used                                                               no-unused-vars
  Line 80:6:   React Hook useEffect has a missing dependency: 'handleNext'. Either include it or remove the dependency array  react-hooks/exhaustive-deps

src/components/Membership.js
  Line 3:10:  'mockBackend' is defined but never used  no-unused-vars

src/context/UserContext.js
  Line 20:23:  'setUserProfile' is assigned a value but never used  no-unused-vars

src/services/wingmanService.js
  Line 6:49:  'uWork' is assigned a value but never used  no-unused-vars
  Line 53:5:  Unreachable code                            no-unreachable

webpack compiled with 1 warning
Compiling...
Compiled with warnings.

[eslint]
src/components/Discover.js
  Line 49:47:  'commonMedia' is assigned a value but never used                                                               no-unused-vars
  Line 80:6:   React Hook useEffect has a missing dependency: 'handleNext'. Either include it or remove the dependency array  react-hooks/exhaustive-deps

src/components/Membership.js
  Line 3:10:  'mockBackend' is defined but never used  no-unused-vars

src/context/UserContext.js
  Line 20:23:  'setUserProfile' is assigned a value but never used  no-unused-vars

Search for the keywords to learn more about each warning.
To ignore, add // eslint-disable-next-line to the line before.

WARNING in [eslint]
src/components/Discover.js
  Line 49:47:  'commonMedia' is assigned a value but never used                                                               no-unused-vars
  Line 80:6:   React Hook useEffect has a missing dependency: 'handleNext'. Either include it or remove the dependency array  react-hooks/exhaustive-deps

src/components/Membership.js
  Line 3:10:  'mockBackend' is defined but never used  no-unused-vars

src/context/UserContext.js
  Line 20:23:  'setUserProfile' is assigned a value but never used  no-unused-vars

webpack compiled with 1 warning
Compiling...
Compiled with warnings.

[eslint]
src/components/Discover.js
  Line 49:47:  'commonMedia' is assigned a value but never used                                                               no-unused-vars
  Line 80:6:   React Hook useEffect has a missing dependency: 'handleNext'. Either include it or remove the dependency array  react-hooks/exhaustive-deps

src/components/Membership.js
  Line 3:10:  'mockBackend' is defined but never used  no-unused-vars

Search for the keywords to learn more about each warning.
To ignore, add // eslint-disable-next-line to the line before.

WARNING in [eslint]
src/components/Discover.js
  Line 49:47:  'commonMedia' is assigned a value but never used                                                               no-unused-vars
  Line 80:6:   React Hook useEffect has a missing dependency: 'handleNext'. Either include it or remove the dependency array  react-hooks/exhaustive-deps

src/components/Membership.js
  Line 3:10:  'mockBackend' is defined but never used  no-unused-vars

webpack compiled with 1 warning
Compiling...
Compiled with warnings.

[eslint]
src/components/Discover.js
  Line 49:47:  'commonMedia' is assigned a value but never used                                                               no-unused-vars
  Line 80:6:   React Hook useEffect has a missing dependency: 'handleNext'. Either include it or remove the dependency array  react-hooks/exhaustive-deps

src/components/Membership.js
  Line 3:10:  'mockBackend' is defined but never used  no-unused-vars

Search for the keywords to learn more about each warning.
To ignore, add // eslint-disable-next-line to the line before.

WARNING in [eslint]
src/components/Discover.js
  Line 49:47:  'commonMedia' is assigned a value but never used                                                               no-unused-vars
  Line 80:6:   React Hook useEffect has a missing dependency: 'handleNext'. Either include it or remove the dependency array  react-hooks/exhaustive-deps

src/components/Membership.js
  Line 3:10:  'mockBackend' is defined but never used  no-unused-vars

webpack compiled with 1 warning
Compiling...
Compiled with warnings.

[eslint]
src/components/Discover.js
  Line 49:47:  'commonMedia' is assigned a value but never used                                                               no-unused-vars
  Line 80:6:   React Hook useEffect has a missing dependency: 'handleNext'. Either include it or remove the dependency array  react-hooks/exhaustive-deps

src/components/Membership.js
  Line 3:10:  'mockBackend' is defined but never used  no-unused-vars

Search for the keywords to learn more about each warning.
To ignore, add // eslint-disable-next-line to the line before.

WARNING in [eslint]
src/components/Discover.js
  Line 49:47:  'commonMedia' is assigned a value but never used                                                               no-unused-vars
  Line 80:6:   React Hook useEffect has a missing dependency: 'handleNext'. Either include it or remove the dependency array  react-hooks/exhaustive-deps

src/components/Membership.js
  Line 3:10:  'mockBackend' is defined but never used  no-unused-vars

webpack compiled with 1 warning
Compiling...
Compiled with warnings.

[eslint]
src/components/Discover.js
  Line 49:47:  'commonMedia' is assigned a value but never used                                                               no-unused-vars
  Line 80:6:   React Hook useEffect has a missing dependency: 'handleNext'. Either include it or remove the dependency array  react-hooks/exhaustive-deps

src/components/Membership.js
  Line 3:10:  'mockBackend' is defined but never used  no-unused-vars

Search for the keywords to learn more about each warning.
To ignore, add // eslint-disable-next-line to the line before.

WARNING in [eslint]
src/components/Discover.js
  Line 49:47:  'commonMedia' is assigned a value but never used                                                               no-unused-vars
  Line 80:6:   React Hook useEffect has a missing dependency: 'handleNext'. Either include it or remove the dependency array  react-hooks/exhaustive-deps

src/components/Membership.js
  Line 3:10:  'mockBackend' is defined but never used  no-unused-vars

webpack compiled with 1 warning
Compiling...
Compiled with warnings.

[eslint]
src/components/Discover.js
  Line 49:47:  'commonMedia' is assigned a value but never used                                                               no-unused-vars
  Line 80:6:   React Hook useEffect has a missing dependency: 'handleNext'. Either include it or remove the dependency array  react-hooks/exhaustive-deps

src/components/Membership.js
  Line 3:10:  'mockBackend' is defined but never used  no-unused-vars

Search for the keywords to learn more about each warning.
To ignore, add // eslint-disable-next-line to the line before.

WARNING in [eslint]
src/components/Discover.js
  Line 49:47:  'commonMedia' is assigned a value but never used                                                               no-unused-vars
  Line 80:6:   React Hook useEffect has a missing dependency: 'handleNext'. Either include it or remove the dependency array  react-hooks/exhaustive-deps

src/components/Membership.js
  Line 3:10:  'mockBackend' is defined but never used  no-unused-vars

webpack compiled with 1 warning
Compiling...
Compiled with warnings.

[eslint]
src/components/Discover.js
  Line 49:47:  'commonMedia' is assigned a value but never used                                                               no-unused-vars
  Line 80:6:   React Hook useEffect has a missing dependency: 'handleNext'. Either include it or remove the dependency array  react-hooks/exhaustive-deps

src/components/Membership.js
  Line 3:10:  'mockBackend' is defined but never used  no-unused-vars

Search for the keywords to learn more about each warning.
To ignore, add // eslint-disable-next-line to the line before.

WARNING in [eslint]
src/components/Discover.js
  Line 49:47:  'commonMedia' is assigned a value but never used                                                               no-unused-vars
  Line 80:6:   React Hook useEffect has a missing dependency: 'handleNext'. Either include it or remove the dependency array  react-hooks/exhaustive-deps

src/components/Membership.js
  Line 3:10:  'mockBackend' is defined but never used  no-unused-vars

webpack compiled with 1 warning
Compiling...
Compiled with warnings.

[eslint]
src/components/Discover.js
  Line 49:47:  'commonMedia' is assigned a value but never used                                                               no-unused-vars
  Line 80:6:   React Hook useEffect has a missing dependency: 'handleNext'. Either include it or remove the dependency array  react-hooks/exhaustive-deps

src/components/Membership.js
  Line 3:10:  'mockBackend' is defined but never used  no-unused-vars

Search for the keywords to learn more about each warning.
To ignore, add // eslint-disable-next-line to the line before.

WARNING in [eslint]
src/components/Discover.js
  Line 49:47:  'commonMedia' is assigned a value but never used                                                               no-unused-vars
  Line 80:6:   React Hook useEffect has a missing dependency: 'handleNext'. Either include it or remove the dependency array  react-hooks/exhaustive-deps

src/components/Membership.js
  Line 3:10:  'mockBackend' is defined but never used  no-unused-vars

webpack compiled with 1 warning
Compiling...
Compiled with warnings.

[eslint]
src/components/Discover.js
  Line 49:47:  'commonMedia' is assigned a value but never used                                                               no-unused-vars
  Line 80:6:   React Hook useEffect has a missing dependency: 'handleNext'. Either include it or remove the dependency array  react-hooks/exhaustive-deps

src/components/Membership.js
  Line 3:10:  'mockBackend' is defined but never used  no-unused-vars

Search for the keywords to learn more about each warning.
To ignore, add // eslint-disable-next-line to the line before.

WARNING in [eslint]
src/components/Discover.js
  Line 49:47:  'commonMedia' is assigned a value but never used                                                               no-unused-vars
  Line 80:6:   React Hook useEffect has a missing dependency: 'handleNext'. Either include it or remove the dependency array  react-hooks/exhaustive-deps

src/components/Membership.js
  Line 3:10:  'mockBackend' is defined but never used  no-unused-vars

webpack compiled with 1 warning
Compiling...
Compiled with warnings.

[eslint]
src/components/Discover.js
  Line 49:47:  'commonMedia' is assigned a value but never used                                                               no-unused-vars
  Line 80:6:   React Hook useEffect has a missing dependency: 'handleNext'. Either include it or remove the dependency array  react-hooks/exhaustive-deps

src/components/Membership.js
  Line 3:10:  'mockBackend' is defined but never used  no-unused-vars

Search for the keywords to learn more about each warning.
To ignore, add // eslint-disable-next-line to the line before.

WARNING in [eslint]
src/components/Discover.js
  Line 49:47:  'commonMedia' is assigned a value but never used                                                               no-unused-vars
  Line 80:6:   React Hook useEffect has a missing dependency: 'handleNext'. Either include it or remove the dependency array  react-hooks/exhaustive-deps

src/components/Membership.js
  Line 3:10:  'mockBackend' is defined but never used  no-unused-vars

webpack compiled with 1 warning
The build failed because the process exited too early. This probably means the system ran out of memory or someone called `kill -9` on the process.
