
> peach-delta@0.1.0 start
> react-scripts start

(node:256889) [DEP_WEBPACK_DEV_SERVER_ON_AFTER_SETUP_MIDDLEWARE] DeprecationWarning: 'onAfterSetupMiddleware' option is deprecated. Please use the 'setupMiddlewares' option.
(Use `node --trace-deprecation ...` to show where the warning was created)
(node:256889) [DEP_WEBPACK_DEV_SERVER_ON_BEFORE_SETUP_MIDDLEWARE] DeprecationWarning: 'onBeforeSetupMiddleware' option is deprecated. Please use the 'setupMiddlewares' option.
Starting the development server...

Compiled with warnings.

[eslint]
src/App.js
  Line 1:27:  'useEffect' is defined but never used                    no-unused-vars
  Line 43:9:  'navigateToChatList' is assigned a value but never used  no-unused-vars
  Line 44:9:  'navigateToSettings' is assigned a value but never used  no-unused-vars

src/components/AdminDashboard.js
  Line 13:6:  React Hook useEffect has a missing dependency: 'fetchAllProfiles'. Either include it or remove the dependency array  react-hooks/exhaustive-deps

src/components/Chat.js
  Line 6:31:  'userProfile' is assigned a value but never used  no-unused-vars

src/components/Home.js
  Line 6:24:  'matches' is assigned a value but never used  no-unused-vars

src/components/Introductions.js
  Line 6:29:  'ripenMatch' is assigned a value but never used  no-unused-vars

src/components/Onboarding.js
  Line 40:6:  React Hook useEffect has missing dependencies: 'chatHistory.length' and 'sendPeachMessage'. Either include them or remove the dependency array  react-hooks/exhaustive-deps

Search for the keywords to learn more about each warning.
To ignore, add // eslint-disable-next-line to the line before.

WARNING in [eslint]
src/App.js
  Line 1:27:  'useEffect' is defined but never used                    no-unused-vars
  Line 43:9:  'navigateToChatList' is assigned a value but never used  no-unused-vars
  Line 44:9:  'navigateToSettings' is assigned a value but never used  no-unused-vars

src/components/AdminDashboard.js
  Line 13:6:  React Hook useEffect has a missing dependency: 'fetchAllProfiles'. Either include it or remove the dependency array  react-hooks/exhaustive-deps

src/components/Chat.js
  Line 6:31:  'userProfile' is assigned a value but never used  no-unused-vars

src/components/Home.js
  Line 6:24:  'matches' is assigned a value but never used  no-unused-vars

src/components/Introductions.js
  Line 6:29:  'ripenMatch' is assigned a value but never used  no-unused-vars

src/components/Onboarding.js
  Line 40:6:  React Hook useEffect has missing dependencies: 'chatHistory.length' and 'sendPeachMessage'. Either include them or remove the dependency array  react-hooks/exhaustive-deps

webpack compiled with 1 warning
Compiling...
Compiled with warnings.

[eslint]
src/App.js
  Line 54:9:  'navigateToChatList' is assigned a value but never used  no-unused-vars
  Line 55:9:  'navigateToSettings' is assigned a value but never used  no-unused-vars

src/components/AdminDashboard.js
  Line 13:6:  React Hook useEffect has a missing dependency: 'fetchAllProfiles'. Either include it or remove the dependency array  react-hooks/exhaustive-deps

src/components/Chat.js
  Line 6:31:  'userProfile' is assigned a value but never used  no-unused-vars

src/components/Home.js
  Line 6:24:  'matches' is assigned a value but never used  no-unused-vars

src/components/Introductions.js
  Line 6:29:  'ripenMatch' is assigned a value but never used  no-unused-vars

src/components/Onboarding.js
  Line 40:6:  React Hook useEffect has missing dependencies: 'chatHistory.length' and 'sendPeachMessage'. Either include them or remove the dependency array  react-hooks/exhaustive-deps

Search for the keywords to learn more about each warning.
To ignore, add // eslint-disable-next-line to the line before.

WARNING in [eslint]
src/App.js
  Line 54:9:  'navigateToChatList' is assigned a value but never used  no-unused-vars
  Line 55:9:  'navigateToSettings' is assigned a value but never used  no-unused-vars

src/components/AdminDashboard.js
  Line 13:6:  React Hook useEffect has a missing dependency: 'fetchAllProfiles'. Either include it or remove the dependency array  react-hooks/exhaustive-deps

src/components/Chat.js
  Line 6:31:  'userProfile' is assigned a value but never used  no-unused-vars

src/components/Home.js
  Line 6:24:  'matches' is assigned a value but never used  no-unused-vars

src/components/Introductions.js
  Line 6:29:  'ripenMatch' is assigned a value but never used  no-unused-vars

src/components/Onboarding.js
  Line 40:6:  React Hook useEffect has missing dependencies: 'chatHistory.length' and 'sendPeachMessage'. Either include them or remove the dependency array  react-hooks/exhaustive-deps

webpack compiled with 1 warning
Compiling...
Compiled with warnings.

[eslint]
src/App.js
  Line 43:9:  'navigateToChatList' is assigned a value but never used  no-unused-vars
  Line 44:9:  'navigateToSettings' is assigned a value but never used  no-unused-vars

src/components/AdminDashboard.js
  Line 13:6:  React Hook useEffect has a missing dependency: 'fetchAllProfiles'. Either include it or remove the dependency array  react-hooks/exhaustive-deps

src/components/Chat.js
  Line 6:31:  'userProfile' is assigned a value but never used  no-unused-vars

src/components/Home.js
  Line 6:24:  'matches' is assigned a value but never used  no-unused-vars

src/components/Introductions.js
  Line 6:29:  'ripenMatch' is assigned a value but never used  no-unused-vars

src/components/Onboarding.js
  Line 40:6:  React Hook useEffect has missing dependencies: 'chatHistory.length' and 'sendPeachMessage'. Either include them or remove the dependency array  react-hooks/exhaustive-deps

Search for the keywords to learn more about each warning.
To ignore, add // eslint-disable-next-line to the line before.

WARNING in [eslint]
src/App.js
  Line 43:9:  'navigateToChatList' is assigned a value but never used  no-unused-vars
  Line 44:9:  'navigateToSettings' is assigned a value but never used  no-unused-vars

src/components/AdminDashboard.js
  Line 13:6:  React Hook useEffect has a missing dependency: 'fetchAllProfiles'. Either include it or remove the dependency array  react-hooks/exhaustive-deps

src/components/Chat.js
  Line 6:31:  'userProfile' is assigned a value but never used  no-unused-vars

src/components/Home.js
  Line 6:24:  'matches' is assigned a value but never used  no-unused-vars

src/components/Introductions.js
  Line 6:29:  'ripenMatch' is assigned a value but never used  no-unused-vars

src/components/Onboarding.js
  Line 40:6:  React Hook useEffect has missing dependencies: 'chatHistory.length' and 'sendPeachMessage'. Either include them or remove the dependency array  react-hooks/exhaustive-deps

webpack compiled with 1 warning
Compiling...
Compiled with warnings.

[eslint]
src/App.js
  Line 74:9:  'navigateToChatList' is assigned a value but never used  no-unused-vars
  Line 75:9:  'navigateToSettings' is assigned a value but never used  no-unused-vars

src/components/AdminDashboard.js
  Line 13:6:  React Hook useEffect has a missing dependency: 'fetchAllProfiles'. Either include it or remove the dependency array  react-hooks/exhaustive-deps

src/components/Chat.js
  Line 6:31:  'userProfile' is assigned a value but never used  no-unused-vars

src/components/Home.js
  Line 6:24:  'matches' is assigned a value but never used  no-unused-vars

src/components/Introductions.js
  Line 6:29:  'ripenMatch' is assigned a value but never used  no-unused-vars

src/components/Onboarding.js
  Line 40:6:  React Hook useEffect has missing dependencies: 'chatHistory.length' and 'sendPeachMessage'. Either include them or remove the dependency array  react-hooks/exhaustive-deps

Search for the keywords to learn more about each warning.
To ignore, add // eslint-disable-next-line to the line before.

WARNING in [eslint]
src/App.js
  Line 74:9:  'navigateToChatList' is assigned a value but never used  no-unused-vars
  Line 75:9:  'navigateToSettings' is assigned a value but never used  no-unused-vars

src/components/AdminDashboard.js
  Line 13:6:  React Hook useEffect has a missing dependency: 'fetchAllProfiles'. Either include it or remove the dependency array  react-hooks/exhaustive-deps

src/components/Chat.js
  Line 6:31:  'userProfile' is assigned a value but never used  no-unused-vars

src/components/Home.js
  Line 6:24:  'matches' is assigned a value but never used  no-unused-vars

src/components/Introductions.js
  Line 6:29:  'ripenMatch' is assigned a value but never used  no-unused-vars

src/components/Onboarding.js
  Line 40:6:  React Hook useEffect has missing dependencies: 'chatHistory.length' and 'sendPeachMessage'. Either include them or remove the dependency array  react-hooks/exhaustive-deps

webpack compiled with 1 warning
Compiling...
Compiled with warnings.

[eslint]
src/App.js
  Line 1:27:  'useEffect' is defined but never used                    no-unused-vars
  Line 43:9:  'navigateToChatList' is assigned a value but never used  no-unused-vars
  Line 44:9:  'navigateToSettings' is assigned a value but never used  no-unused-vars

src/components/AdminDashboard.js
  Line 13:6:  React Hook useEffect has a missing dependency: 'fetchAllProfiles'. Either include it or remove the dependency array  react-hooks/exhaustive-deps

src/components/Chat.js
  Line 6:31:  'userProfile' is assigned a value but never used  no-unused-vars

src/components/Home.js
  Line 6:24:  'matches' is assigned a value but never used  no-unused-vars

src/components/Introductions.js
  Line 6:29:  'ripenMatch' is assigned a value but never used  no-unused-vars

src/components/Onboarding.js
  Line 40:6:  React Hook useEffect has missing dependencies: 'chatHistory.length' and 'sendPeachMessage'. Either include them or remove the dependency array  react-hooks/exhaustive-deps

Search for the keywords to learn more about each warning.
To ignore, add // eslint-disable-next-line to the line before.

WARNING in [eslint]
src/App.js
  Line 1:27:  'useEffect' is defined but never used                    no-unused-vars
  Line 43:9:  'navigateToChatList' is assigned a value but never used  no-unused-vars
  Line 44:9:  'navigateToSettings' is assigned a value but never used  no-unused-vars

src/components/AdminDashboard.js
  Line 13:6:  React Hook useEffect has a missing dependency: 'fetchAllProfiles'. Either include it or remove the dependency array  react-hooks/exhaustive-deps

src/components/Chat.js
  Line 6:31:  'userProfile' is assigned a value but never used  no-unused-vars

src/components/Home.js
  Line 6:24:  'matches' is assigned a value but never used  no-unused-vars

src/components/Introductions.js
  Line 6:29:  'ripenMatch' is assigned a value but never used  no-unused-vars

src/components/Onboarding.js
  Line 40:6:  React Hook useEffect has missing dependencies: 'chatHistory.length' and 'sendPeachMessage'. Either include them or remove the dependency array  react-hooks/exhaustive-deps

webpack compiled with 1 warning
Compiling...
Compiled with warnings.

[eslint]
src/App.js
  Line 44:9:  'navigateToSettings' is assigned a value but never used  no-unused-vars

src/components/AdminDashboard.js
  Line 13:6:  React Hook useEffect has a missing dependency: 'fetchAllProfiles'. Either include it or remove the dependency array  react-hooks/exhaustive-deps

src/components/Chat.js
  Line 6:31:  'userProfile' is assigned a value but never used  no-unused-vars

src/components/Home.js
  Line 6:24:  'matches' is assigned a value but never used  no-unused-vars

src/components/Introductions.js
  Line 6:29:  'ripenMatch' is assigned a value but never used  no-unused-vars

src/components/Onboarding.js
  Line 40:6:  React Hook useEffect has missing dependencies: 'chatHistory.length' and 'sendPeachMessage'. Either include them or remove the dependency array  react-hooks/exhaustive-deps

Search for the keywords to learn more about each warning.
To ignore, add // eslint-disable-next-line to the line before.

WARNING in [eslint]
src/App.js
  Line 44:9:  'navigateToSettings' is assigned a value but never used  no-unused-vars

src/components/AdminDashboard.js
  Line 13:6:  React Hook useEffect has a missing dependency: 'fetchAllProfiles'. Either include it or remove the dependency array  react-hooks/exhaustive-deps

src/components/Chat.js
  Line 6:31:  'userProfile' is assigned a value but never used  no-unused-vars

src/components/Home.js
  Line 6:24:  'matches' is assigned a value but never used  no-unused-vars

src/components/Introductions.js
  Line 6:29:  'ripenMatch' is assigned a value but never used  no-unused-vars

src/components/Onboarding.js
  Line 40:6:  React Hook useEffect has missing dependencies: 'chatHistory.length' and 'sendPeachMessage'. Either include them or remove the dependency array  react-hooks/exhaustive-deps

webpack compiled with 1 warning
Compiling...
Compiled with warnings.

[eslint]
src/App.js
  Line 44:9:  'navigateToSettings' is assigned a value but never used  no-unused-vars

src/components/Chat.js
  Line 6:31:  'userProfile' is assigned a value but never used  no-unused-vars

src/components/Home.js
  Line 6:24:  'matches' is assigned a value but never used  no-unused-vars

src/components/Introductions.js
  Line 6:29:  'ripenMatch' is assigned a value but never used  no-unused-vars

src/components/Onboarding.js
  Line 40:6:  React Hook useEffect has missing dependencies: 'chatHistory.length' and 'sendPeachMessage'. Either include them or remove the dependency array  react-hooks/exhaustive-deps

Search for the keywords to learn more about each warning.
To ignore, add // eslint-disable-next-line to the line before.

WARNING in [eslint]
src/App.js
  Line 44:9:  'navigateToSettings' is assigned a value but never used  no-unused-vars

src/components/Chat.js
  Line 6:31:  'userProfile' is assigned a value but never used  no-unused-vars

src/components/Home.js
  Line 6:24:  'matches' is assigned a value but never used  no-unused-vars

src/components/Introductions.js
  Line 6:29:  'ripenMatch' is assigned a value but never used  no-unused-vars

src/components/Onboarding.js
  Line 40:6:  React Hook useEffect has missing dependencies: 'chatHistory.length' and 'sendPeachMessage'. Either include them or remove the dependency array  react-hooks/exhaustive-deps

webpack compiled with 1 warning
Compiling...
Compiled with warnings.

[eslint]
src/App.js
  Line 44:9:  'navigateToSettings' is assigned a value but never used  no-unused-vars

src/components/Chat.js
  Line 6:31:  'userProfile' is assigned a value but never used  no-unused-vars

src/components/Home.js
  Line 6:24:  'matches' is assigned a value but never used  no-unused-vars

src/components/Introductions.js
  Line 6:29:  'ripenMatch' is assigned a value but never used  no-unused-vars

src/components/Membership.js
  Line 12:11:  'paymentConfig' is assigned a value but never used  no-unused-vars

src/components/Onboarding.js
  Line 40:6:  React Hook useEffect has missing dependencies: 'chatHistory.length' and 'sendPeachMessage'. Either include them or remove the dependency array  react-hooks/exhaustive-deps

Search for the keywords to learn more about each warning.
To ignore, add // eslint-disable-next-line to the line before.

WARNING in [eslint]
src/App.js
  Line 44:9:  'navigateToSettings' is assigned a value but never used  no-unused-vars

src/components/Chat.js
  Line 6:31:  'userProfile' is assigned a value but never used  no-unused-vars

src/components/Home.js
  Line 6:24:  'matches' is assigned a value but never used  no-unused-vars

src/components/Introductions.js
  Line 6:29:  'ripenMatch' is assigned a value but never used  no-unused-vars

src/components/Membership.js
  Line 12:11:  'paymentConfig' is assigned a value but never used  no-unused-vars

src/components/Onboarding.js
  Line 40:6:  React Hook useEffect has missing dependencies: 'chatHistory.length' and 'sendPeachMessage'. Either include them or remove the dependency array  react-hooks/exhaustive-deps

webpack compiled with 1 warning
